     1                                  ;Sa se citeasca de la tastatura un numar in baza 16 si sa se afiseze valoarea acelui numar in baza 10.
     2                                  ;Exemplu: Se citeste: 1D; se afiseaza: 29;
     3                                  
     4                                  bits 32 
     5                                  
     6                                  global start        
     7                                  
     8                                  extern exit, printf, scanf               
     9                                  import exit msvcrt.dll
    10                                  import printf msvcrt.dll
    11                                  import scanf msvcrt.dll    
    12                                  
    13                                  
    14                                  segment data use32 class=data
    15 00000000 00000000                    n dd 0
    16 00000004 4E756D6172756C2063-         message1 db "Numarul citit in baza 16 este n=", 0
    16 0000000D 6974697420696E2062-
    16 00000016 617A61203136206573-
    16 0000001F 7465206E3D00       
    17 00000025 4E756D6172756C2061-         message2 db "Numarul afisat in baza 10 este n=", 0
    17 0000002E 666973617420696E20-
    17 00000037 62617A612031302065-
    17 00000040 737465206E3D00     
    18 00000047 257800                      format1 db "%x", 0
    19 0000004A 256400                      format2 db "%d", 0
    20                                  
    21                                  segment code use32 class=code
    22                                      start:
    23 00000000 68[04000000]                    push dword message1
    24 00000005 FF15[00000000]                  call [printf]
    25 0000000B 83C404                          add esp, 1*4
    26                                          
    27 0000000E 68[00000000]                    push dword n  
    28 00000013 68[47000000]                    push dword format1
    29 00000018 FF15[00000000]                  call [scanf]
    30 0000001E 83C408                          add esp, 2*4
    31                                          
    32                                          ; push dword [n]
    33                                          ; push dword message2
    34                                          ; call [printf]
    35                                          ; add esp, 2*4
    36                                          
    37 00000021 68[25000000]                    push dword message2
    38 00000026 FF15[00000000]                  call [printf]
    39 0000002C 83C404                          add esp, 1*4
    40                                  
    41 0000002F FF35[00000000]                  push dword [n]
    42 00000035 68[4A000000]                    push dword format2
    43 0000003A FF15[00000000]                  call [printf]
    44 00000040 83C408                          add esp, 2*4
    45                                          
    46                                          ; exit(0)
    47 00000043 6A00                            push dword 0      
    48 00000045 FF15[00000000]                  call [exit]         
