     1                                  ;Se dau un nume de fisier si un text (definite in segmentul de date). Textul contine litere mici si spatii. Sa se inlocuiasca toate literele de pe pozitii pare cu numarul pozitiei. Sa se creeze un fisier cu numele d
     2                                  bits 32 
     3                                  
     4                                  global start        
     5                                  
     6                                  extern exit,fopen,fclose,fprintf              
     7                                  import exit msvcrt.dll
     8                                  import fopen msvcrt.dll
     9                                  import fclose msvcrt.dll
    10                                  import fprintf msvcrt.dll  
    11                                  
    12                                  segment data use32 class=data
    13 00000000 416E6120617265206D-         s db "Ana are mere"
    13 00000009 657265             
    14                                      len equ $-s
    15 0000000C 74656D612E74787400          nume_fisier db 'tema.txt', 0
    16 00000015 7700                        mod_acces db 'w', 0
    17 00000017 FFFFFFFF                    descriptor_fisier dd -1
    18 0000001B 256300                      format db "%c", 0
    19 0000001E 256400                      format1 db "%d", 0
    20                                  
    21                                  segment code use32 class=code
    22                                      start:
    23                                      ;deschidere fisier
    24 00000000 68[15000000]                    push dword mod_acces
    25 00000005 68[0C000000]                    push dword nume_fisier
    26 0000000A FF15[00000000]                  call [fopen]
    27 00000010 83C408                          add esp, 4*2
    28 00000013 A3[17000000]                    mov [descriptor_fisier], eax
    29                                      
    30                                      ;parcurgem sirul
    31 00000018 BE00000000                      mov esi, 0      ;esi=offset s
    32 0000001D FC                              cld
    33 0000001E B906000000                      mov ecx, len/2
    34                                          
    35                                      ;aifsarea in fisier a rezultatului final
    36 00000023 E357                            jecxz Sfarsit
    37                                          repeta:
    38 00000025 51                                  push ecx
    39                                          
    40 00000026 56                                  push dword esi
    41 00000027 68[1E000000]                        push dword format1
    42 0000002C FF35[17000000]                      push dword [descriptor_fisier]
    43 00000032 FF15[00000000]                      call [fprintf]
    44 00000038 83C40C                              add esp, 3*4
    45 0000003B 46                                  inc esi
    46                                              
    47 0000003C FFB6[00000000]                      push dword [s+esi]
    48 00000042 68[1B000000]                        push dword format
    49 00000047 FF35[17000000]                      push dword [descriptor_fisier]
    50 0000004D FF15[00000000]                      call [fprintf]
    51 00000053 83C40C                              add esp, 3*4
    52 00000056 46                                  inc esi
    53                                              
    54 00000057 59                                  pop ecx
    55 00000058 E2CB                            loop repeta
    56                                          
    57                                      ;verificam daca len este un numar impar si afisam in fisier ultimul element
    58 0000005A BB01000000                      mov ebx, 1
    59 0000005F F7C30C000000                    test ebx, len
    60 00000065 7415                            jz Sfarsit
    61 00000067 56                                  push dword esi
    62 00000068 68[1E000000]                        push dword format1
    63 0000006D FF35[17000000]                      push dword [descriptor_fisier]
    64 00000073 FF15[00000000]                      call [fprintf]
    65 00000079 83C40C                              add esp, 3*4
    66                                           
    67                                          Sfarsit:
    68                                             
    69                                      ;inchidere fisier
    70 0000007C FF35[17000000]                  push dword [descriptor_fisier]
    71 00000082 FF15[00000000]                  call [fclose]
    72 00000088 83C404                          add esp, 4*1
    73                                          
    74 0000008B 6A00                            push    dword 0      
    75 0000008D FF15[00000000]                  call    [exit]       
