     1                                  bits 32 
     2                                  
     3                                  global start        
     4                                  
     5                                  extern exit               
     6                                  import exit msvcrt.dll    
     7                                  ;n=7
     8                                  segment data use32 class=data
     9 00000000 9F8A                        a dw 8a9fh
    10 00000002 07                          n db 7
    11 00000003 153F                        b dw 3f15h
    12 00000005 00000000                    c dd 0      ; c=15c5_00ffh
    13                                  
    14                                  ;1000_1010_1001_1111b=8a9fh
    15                                  ;0011_1111_0001_0101b=3f15h
    16                                      
    17                                  ;Se da cuvantul A. Sa se obtina numarul intreg n reprezentat de bitii 0-2 ai lui A. Sa se obtina apoi in B cuvântul rezultat prin rotirea spre dreapta (fara carry) a lui A cu n pozitii. Sa se obtina dublucuvantul C
    18                                  ;bitii 8-15 ai lui C sunt 0
    19                                  ;bitii 16-23 ai lui C coincid cu bitii lui 2-9 ai lui B
    20                                  ;bitii 24-31 ai lui C coincid cu bitii lui 7-14 ai lui A
    21                                  ;bitii 0-7 ai lui C sunt 1  
    22                                  
    23                                  segment code use32 class=code
    24                                      start:
    25                                          ; vom forma dublucuvantul C in registrul ebx
    26 00000000 BB00000000                      mov ebx, 0
    27                                          
    28                                          ; bitii 0-7 ai lui C sunt 1
    29 00000005 81CBFF000000                    or ebx, 00000000000000000000000011111111b
    30                                          
    31                                          ; bitii 8-15 ai lui C sunt 0
    32 0000000B 81E3FF00FFFF                    and ebx,11111111111111110000000011111111b
    33                                          
    34                                          ; bitii 16-23 ai lui C coincid cu bitii lui 2-9 ai lui B
    35 00000011 B800000000                      mov eax, 0
    36 00000016 66A1[03000000]                  mov ax, [b]     ; eax=b
    37 0000001C 25FC030000                      and eax, 00000000000000000000001111111100b   ; izolez bitii 2-9 ai lui B
    38 00000021 B10E                            mov cl, 14
    39 00000023 D3C0                            rol eax, cl     ; deplasez bitii 2-9 in pozitia 16-23
    40 00000025 09C3                            or ebx,eax      ; concatenez rezultatul
    41                                          
    42                                          ; bitii 24-31 ai lui C coincid cu bitii lui 7-14 ai lui A
    43 00000027 B800000000                      mov eax, 0
    44 0000002C 66A1[00000000]                  mov ax, [a]     ; eax=a
    45 00000032 25807F0000                      and eax, 00000000000000000111111110000000b  ; izolez bitii 7-14 ai lui A
    46 00000037 B111                            mov cl, 17
    47 00000039 D3C0                            rol eax, cl     ; deplasez bitii 7-14 in pozitia 24-31
    48 0000003B 09C3                            or ebx,eax      ; concatenez rezultatul
    49                                          
    50                                          ; sa se obtina apoi in B cuvântul rezultat prin rotirea spre dreapta (fara carry) a lui A cu n pozitii
    51 0000003D 66A1[00000000]                  mov ax, [a]
    52 00000043 8A0D[02000000]                  mov cl, [n]
    53 00000049 66D3C8                          ror ax, cl
    54                                          
    55 0000004C 6A00                            push    dword 0      
    56 0000004E FF15[00000000]                  call    [exit]       
